Performing C SOURCE FILE Test CMAKE_HAVE_LIBC_PTHREAD failed with the following output:
Change Dir: /home/andrea/ERF/src/DogChallenge/plugins/build/CMakeFiles/CMakeTmp

Run Build Command(s):/usr/bin/make cmTC_0669a/fast && /usr/bin/make  -f CMakeFiles/cmTC_0669a.dir/build.make CMakeFiles/cmTC_0669a.dir/build
make[1]: Entering directory '/home/andrea/ERF/src/DogChallenge/plugins/build/CMakeFiles/CMakeTmp'
Building C object CMakeFiles/cmTC_0669a.dir/src.c.o
/usr/bin/cc   -DCMAKE_HAVE_LIBC_PTHREAD -o CMakeFiles/cmTC_0669a.dir/src.c.o -c /home/andrea/ERF/src/DogChallenge/plugins/build/CMakeFiles/CMakeTmp/src.c
Linking C executable cmTC_0669a
/usr/local/bin/cmake -E cmake_link_script CMakeFiles/cmTC_0669a.dir/link.txt --verbose=1
/usr/bin/cc  -DCMAKE_HAVE_LIBC_PTHREAD -rdynamic CMakeFiles/cmTC_0669a.dir/src.c.o -o cmTC_0669a 
CMakeFiles/cmTC_0669a.dir/src.c.o: In function `main':
src.c:(.text+0x3e): undefined reference to `pthread_create'
src.c:(.text+0x4a): undefined reference to `pthread_detach'
src.c:(.text+0x56): undefined reference to `pthread_cancel'
src.c:(.text+0x67): undefined reference to `pthread_join'
src.c:(.text+0x7b): undefined reference to `pthread_atfork'
collect2: error: ld returned 1 exit status
CMakeFiles/cmTC_0669a.dir/build.make:105: recipe for target 'cmTC_0669a' failed
make[1]: *** [cmTC_0669a] Error 1
make[1]: Leaving directory '/home/andrea/ERF/src/DogChallenge/plugins/build/CMakeFiles/CMakeTmp'
Makefile:140: recipe for target 'cmTC_0669a/fast' failed
make: *** [cmTC_0669a/fast] Error 2


Source file was:
#include <pthread.h>

void* test_func(void* data)
{
  return data;
}

int main(void)
{
  pthread_t thread;
  pthread_create(&thread, NULL, test_func, NULL);
  pthread_detach(thread);
  pthread_cancel(thread);
  pthread_join(thread, NULL);
  pthread_atfork(NULL, NULL, NULL);
  pthread_exit(NULL);

  return 0;
}

Determining if the function pthread_create exists in the pthreads failed with the following output:
Change Dir: /home/andrea/ERF/src/DogChallenge/plugins/build/CMakeFiles/CMakeTmp

Run Build Command(s):/usr/bin/make cmTC_0434f/fast && /usr/bin/make  -f CMakeFiles/cmTC_0434f.dir/build.make CMakeFiles/cmTC_0434f.dir/build
make[1]: Entering directory '/home/andrea/ERF/src/DogChallenge/plugins/build/CMakeFiles/CMakeTmp'
Building C object CMakeFiles/cmTC_0434f.dir/CheckFunctionExists.c.o
/usr/bin/cc   -DCHECK_FUNCTION_EXISTS=pthread_create -o CMakeFiles/cmTC_0434f.dir/CheckFunctionExists.c.o -c /usr/local/share/cmake-3.18/Modules/CheckFunctionExists.c
Linking C executable cmTC_0434f
/usr/local/bin/cmake -E cmake_link_script CMakeFiles/cmTC_0434f.dir/link.txt --verbose=1
/usr/bin/cc  -DCHECK_FUNCTION_EXISTS=pthread_create -rdynamic CMakeFiles/cmTC_0434f.dir/CheckFunctionExists.c.o -o cmTC_0434f  -lpthreads 
/usr/bin/ld: cannot find -lpthreads
collect2: error: ld returned 1 exit status
CMakeFiles/cmTC_0434f.dir/build.make:105: recipe for target 'cmTC_0434f' failed
make[1]: *** [cmTC_0434f] Error 1
make[1]: Leaving directory '/home/andrea/ERF/src/DogChallenge/plugins/build/CMakeFiles/CMakeTmp'
Makefile:140: recipe for target 'cmTC_0434f/fast' failed
make: *** [cmTC_0434f/fast] Error 2



